<?xml version="1.0" encoding="UTF-8"?>
<testsuite xmlns:xsi="http://www.w3.org/2001/XMLSchema-instance" xsi:noNamespaceSchemaLocation="https://maven.apache.org/surefire/maven-surefire-plugin/xsd/surefire-test-report.xsd" version="3.0.2" name="sec06.Lec01UnaryBlockingClientTest" time="0.954" tests="1" errors="0" skipped="0" failures="0">
  <properties>
[...]
</properties>
  <testcase name="getBalanceTest" classname="sec06.Lec01UnaryBlockingClientTest" time="0.317">
    <system-out><![CDATA[23:45:19.932 INFO  [           main] &amp#27;[36ms.Lec01UnaryBlockingClientTest&amp#27;[0;39m : unary balance received: account_number: 1
balance: 100

]]></system-out>
  </testcase>
</testsuite>