<?xml version="1.0" encoding="UTF-8"?>
<testsuite xmlns:xsi="http://www.w3.org/2001/XMLSchema-instance" xsi:noNamespaceSchemaLocation="https://maven.apache.org/surefire/maven-surefire-plugin/xsd/surefire-test-report.xsd" version="3.0.2" name="sec11.Lec01UnaryDeadLineTest" time="10.068" tests="1" errors="1" skipped="0" failures="0">
  <properties>
[...]
</properties>
  <testcase name="blockingDeadLineTest" classname="sec11.Lec01UnaryDeadLineTest" time="10.037">
    <error message="DEADLINE_EXCEEDED: CallOptions deadline exceeded after 9.997319553s. Name resolution delay 0.001057755 seconds. [closed=[], open=[[buffered_nanos=9757662, remote_addr=localhost/127.0.0.1:6565]]]" type="io.grpc.StatusRuntimeException"><![CDATA[io.grpc.StatusRuntimeException: DEADLINE_EXCEEDED: CallOptions deadline exceeded after 9.997319553s. Name resolution delay 0.001057755 seconds. [closed=[], open=[[buffered_nanos=9757662, remote_addr=localhost/127.0.0.1:6565]]]
	at io.grpc.stub.ClientCalls.toStatusRuntimeException(ClientCalls.java:268)
	at io.grpc.stub.ClientCalls.getUnchecked(ClientCalls.java:249)
	at io.grpc.stub.ClientCalls.blockingUnaryCall(ClientCalls.java:167)
	at com.grpc.models.sec11.BankServiceGrpc$BankServiceBlockingStub.getAccountBalance(BankServiceGrpc.java:221)
	at sec11.Lec01UnaryDeadLineTest.blockingDeadLineTest(Lec01UnaryDeadLineTest.java:21)
	at java.base/java.lang.reflect.Method.invoke(Method.java:569)
	at java.base/java.util.ArrayList.forEach(ArrayList.java:1511)
	at java.base/java.util.ArrayList.forEach(ArrayList.java:1511)
]]></error>
    <system-out><![CDATA[00:10:16.042 DEBUG [-worker-ELG-3-6] &amp#27;[36mg.n.s.i.g.n.NettyClientHandler&amp#27;[0;39m : [id: 0x1b990cac, L:/127.0.0.1:39328 - R:localhost/127.0.0.1:6565] OUTBOUND SETTINGS: ack=false settings={ENABLE_PUSH=0, MAX_CONCURRENT_STREAMS=0, INITIAL_WINDOW_SIZE=1048576, MAX_HEADER_LIST_SIZE=8192}
00:10:16.043 DEBUG [-worker-ELG-3-7] &amp#27;[36mg.n.s.i.g.n.NettyServerHandler&amp#27;[0;39m : [id: 0x0b3aaf23, L:/127.0.0.1:6565 - R:/127.0.0.1:39328] OUTBOUND SETTINGS: ack=false settings={MAX_CONCURRENT_STREAMS=2147483647, INITIAL_WINDOW_SIZE=1048576, MAX_HEADER_LIST_SIZE=8192}
00:10:16.047 DEBUG [-worker-ELG-3-6] &amp#27;[36mg.n.s.i.g.n.NettyClientHandler&amp#27;[0;39m : [id: 0x1b990cac, L:/127.0.0.1:39328 - R:localhost/127.0.0.1:6565] OUTBOUND WINDOW_UPDATE: streamId=0 windowSizeIncrement=983041
00:10:16.048 DEBUG [-worker-ELG-3-7] &amp#27;[36mg.n.s.i.g.n.NettyServerHandler&amp#27;[0;39m : [id: 0x0b3aaf23, L:/127.0.0.1:6565 - R:/127.0.0.1:39328] OUTBOUND WINDOW_UPDATE: streamId=0 windowSizeIncrement=983041
00:10:16.049 DEBUG [-worker-ELG-3-7] &amp#27;[36mg.n.s.i.g.n.NettyServerHandler&amp#27;[0;39m : [id: 0x0b3aaf23, L:/127.0.0.1:6565 - R:/127.0.0.1:39328] INBOUND SETTINGS: ack=false settings={ENABLE_PUSH=0, MAX_CONCURRENT_STREAMS=0, INITIAL_WINDOW_SIZE=1048576, MAX_HEADER_LIST_SIZE=8192}
00:10:16.049 DEBUG [-worker-ELG-3-7] &amp#27;[36mg.n.s.i.g.n.NettyServerHandler&amp#27;[0;39m : [id: 0x0b3aaf23, L:/127.0.0.1:6565 - R:/127.0.0.1:39328] OUTBOUND SETTINGS: ack=true
00:10:16.050 DEBUG [-worker-ELG-3-6] &amp#27;[36mg.n.s.i.g.n.NettyClientHandler&amp#27;[0;39m : [id: 0x1b990cac, L:/127.0.0.1:39328 - R:localhost/127.0.0.1:6565] INBOUND SETTINGS: ack=false settings={MAX_CONCURRENT_STREAMS=2147483647, INITIAL_WINDOW_SIZE=1048576, MAX_HEADER_LIST_SIZE=8192}
00:10:16.050 DEBUG [-worker-ELG-3-6] &amp#27;[36mg.n.s.i.g.n.NettyClientHandler&amp#27;[0;39m : [id: 0x1b990cac, L:/127.0.0.1:39328 - R:localhost/127.0.0.1:6565] OUTBOUND SETTINGS: ack=true
00:10:16.051 DEBUG [-worker-ELG-3-7] &amp#27;[36mg.n.s.i.g.n.NettyServerHandler&amp#27;[0;39m : [id: 0x0b3aaf23, L:/127.0.0.1:6565 - R:/127.0.0.1:39328] INBOUND WINDOW_UPDATE: streamId=0 windowSizeIncrement=983041
00:10:16.052 DEBUG [-worker-ELG-3-6] &amp#27;[36mg.n.s.i.g.n.NettyClientHandler&amp#27;[0;39m : [id: 0x1b990cac, L:/127.0.0.1:39328 - R:localhost/127.0.0.1:6565] INBOUND WINDOW_UPDATE: streamId=0 windowSizeIncrement=983041
00:10:16.053 DEBUG [-worker-ELG-3-6] &amp#27;[36mg.n.s.i.g.n.NettyClientHandler&amp#27;[0;39m : [id: 0x1b990cac, L:/127.0.0.1:39328 - R:localhost/127.0.0.1:6565] OUTBOUND HEADERS: streamId=3 headers=GrpcHttp2OutboundHeaders[:authority: localhost:6565, :path: /sec11.BankService/GetAccountBalance, :method: POST, :scheme: http, content-type: application/grpc, te: trailers, user-agent: grpc-java-netty/1.65.0, grpc-accept-encoding: gzip, grpc-timeout: 9986627u] streamDependency=0 weight=16 exclusive=false padding=0 endStream=false
00:10:16.055 DEBUG [-worker-ELG-3-6] &amp#27;[36mg.n.s.i.g.n.NettyClientHandler&amp#27;[0;39m : [id: 0x1b990cac, L:/127.0.0.1:39328 - R:localhost/127.0.0.1:6565] OUTBOUND DATA: streamId=3 padding=0 endStream=true length=7 bytes=00000000020801
00:10:16.053 DEBUG [-worker-ELG-3-7] &amp#27;[36mg.n.s.i.g.n.NettyServerHandler&amp#27;[0;39m : [id: 0x0b3aaf23, L:/127.0.0.1:6565 - R:/127.0.0.1:39328] INBOUND SETTINGS: ack=true
00:10:16.056 DEBUG [-worker-ELG-3-6] &amp#27;[36mg.n.s.i.g.n.NettyClientHandler&amp#27;[0;39m : [id: 0x1b990cac, L:/127.0.0.1:39328 - R:localhost/127.0.0.1:6565] INBOUND SETTINGS: ack=true
00:10:16.060 DEBUG [-worker-ELG-3-7] &amp#27;[36mg.n.s.i.g.n.NettyServerHandler&amp#27;[0;39m : [id: 0x0b3aaf23, L:/127.0.0.1:6565 - R:/127.0.0.1:39328] INBOUND HEADERS: streamId=3 headers=GrpcHttp2RequestHeaders[:path: /sec11.BankService/GetAccountBalance, :authority: localhost:6565, :method: POST, :scheme: http, te: trailers, content-type: application/grpc, user-agent: grpc-java-netty/1.65.0, grpc-accept-encoding: gzip, grpc-timeout: 9986627u] streamDependency=0 weight=16 exclusive=false padding=0 endStream=false
00:10:16.061 DEBUG [-worker-ELG-3-7] &amp#27;[36mg.n.s.i.g.n.NettyServerHandler&amp#27;[0;39m : [id: 0x0b3aaf23, L:/127.0.0.1:6565 - R:/127.0.0.1:39328] INBOUND DATA: streamId=3 padding=0 endStream=true length=7 bytes=00000000020801
00:10:16.062 DEBUG [-worker-ELG-3-7] &amp#27;[36mg.n.s.i.g.n.NettyServerHandler&amp#27;[0;39m : [id: 0x0b3aaf23, L:/127.0.0.1:6565 - R:/127.0.0.1:39328] OUTBOUND PING: ack=false bytes=1234
00:10:16.065 DEBUG [-worker-ELG-3-6] &amp#27;[36mg.n.s.i.g.n.NettyClientHandler&amp#27;[0;39m : [id: 0x1b990cac, L:/127.0.0.1:39328 - R:localhost/127.0.0.1:6565] INBOUND PING: ack=false bytes=1234
00:10:16.065 DEBUG [-worker-ELG-3-6] &amp#27;[36mg.n.s.i.g.n.NettyClientHandler&amp#27;[0;39m : [id: 0x1b990cac, L:/127.0.0.1:39328 - R:localhost/127.0.0.1:6565] OUTBOUND PING: ack=true bytes=1234
00:10:16.070 DEBUG [-worker-ELG-3-7] &amp#27;[36mg.n.s.i.g.n.NettyServerHandler&amp#27;[0;39m : [id: 0x0b3aaf23, L:/127.0.0.1:6565 - R:/127.0.0.1:39328] INBOUND PING: ack=true bytes=1234
00:10:26.055 DEBUG [-worker-ELG-3-6] &amp#27;[36mg.n.s.i.g.n.NettyClientHandler&amp#27;[0;39m : [id: 0x1b990cac, L:/127.0.0.1:39328 - R:localhost/127.0.0.1:6565] OUTBOUND RST_STREAM: streamId=3 errorCode=8
00:10:26.060 DEBUG [-worker-ELG-3-7] &amp#27;[36mg.n.s.i.g.n.NettyServerHandler&amp#27;[0;39m : [id: 0x0b3aaf23, L:/127.0.0.1:6565 - R:/127.0.0.1:39328] OUTBOUND RST_STREAM: streamId=3 errorCode=8
00:10:26.061 DEBUG [-worker-ELG-3-6] &amp#27;[36mg.n.s.i.g.n.NettyClientHandler&amp#27;[0;39m : [id: 0x1b990cac, L:/127.0.0.1:39328 - R:localhost/127.0.0.1:6565] INBOUND RST_STREAM: streamId=3 errorCode=8
00:10:26.062 DEBUG [-worker-ELG-3-7] &amp#27;[36mg.n.s.i.g.n.NettyServerHandler&amp#27;[0;39m : [id: 0x0b3aaf23, L:/127.0.0.1:6565 - R:/127.0.0.1:39328] INBOUND RST_STREAM: streamId=3 errorCode=8
]]></system-out>
  </testcase>
</testsuite>