<?xml version="1.0" encoding="UTF-8"?>
<testsuite xmlns:xsi="http://www.w3.org/2001/XMLSchema-instance" xsi:noNamespaceSchemaLocation="https://maven.apache.org/surefire/maven-surefire-plugin/xsd/surefire-test-report.xsd" version="3.0.2" name="sec11.Lec02UnaryDeadLineTest" time="130.056" tests="1" errors="0" skipped="0" failures="0">
  <properties>
[...]
</properties>
  <testcase name="blockingDeadLineTest" classname="sec11.Lec02UnaryDeadLineTest" time="130.044">
    <system-out><![CDATA[00:10:26.129 DEBUG [-worker-ELG-3-3] &amp#27;[36mg.n.s.i.g.n.NettyClientHandler&amp#27;[0;39m : [id: 0xf6261f35, L:/127.0.0.1:40868 - R:localhost/127.0.0.1:6565] OUTBOUND SETTINGS: ack=false settings={ENABLE_PUSH=0, MAX_CONCURRENT_STREAMS=0, INITIAL_WINDOW_SIZE=1048576, MAX_HEADER_LIST_SIZE=8192}
00:10:26.130 DEBUG [-worker-ELG-3-3] &amp#27;[36mg.n.s.i.g.n.NettyClientHandler&amp#27;[0;39m : [id: 0xf6261f35, L:/127.0.0.1:40868 - R:localhost/127.0.0.1:6565] OUTBOUND WINDOW_UPDATE: streamId=0 windowSizeIncrement=983041
00:10:26.132 DEBUG [-worker-ELG-3-5] &amp#27;[36mg.n.s.i.g.n.NettyServerHandler&amp#27;[0;39m : [id: 0x2c319c61, L:/127.0.0.1:6565 - R:/127.0.0.1:40868] OUTBOUND SETTINGS: ack=false settings={MAX_CONCURRENT_STREAMS=2147483647, INITIAL_WINDOW_SIZE=1048576, MAX_HEADER_LIST_SIZE=8192}
00:10:26.139 DEBUG [-worker-ELG-3-5] &amp#27;[36mg.n.s.i.g.n.NettyServerHandler&amp#27;[0;39m : [id: 0x2c319c61, L:/127.0.0.1:6565 - R:/127.0.0.1:40868] OUTBOUND WINDOW_UPDATE: streamId=0 windowSizeIncrement=983041
00:10:26.141 DEBUG [-worker-ELG-3-3] &amp#27;[36mg.n.s.i.g.n.NettyClientHandler&amp#27;[0;39m : [id: 0xf6261f35, L:/127.0.0.1:40868 - R:localhost/127.0.0.1:6565] INBOUND SETTINGS: ack=false settings={MAX_CONCURRENT_STREAMS=2147483647, INITIAL_WINDOW_SIZE=1048576, MAX_HEADER_LIST_SIZE=8192}
00:10:26.142 DEBUG [-worker-ELG-3-3] &amp#27;[36mg.n.s.i.g.n.NettyClientHandler&amp#27;[0;39m : [id: 0xf6261f35, L:/127.0.0.1:40868 - R:localhost/127.0.0.1:6565] OUTBOUND SETTINGS: ack=true
00:10:26.142 DEBUG [-worker-ELG-3-5] &amp#27;[36mg.n.s.i.g.n.NettyServerHandler&amp#27;[0;39m : [id: 0x2c319c61, L:/127.0.0.1:6565 - R:/127.0.0.1:40868] INBOUND SETTINGS: ack=false settings={ENABLE_PUSH=0, MAX_CONCURRENT_STREAMS=0, INITIAL_WINDOW_SIZE=1048576, MAX_HEADER_LIST_SIZE=8192}
00:10:26.143 DEBUG [-worker-ELG-3-5] &amp#27;[36mg.n.s.i.g.n.NettyServerHandler&amp#27;[0;39m : [id: 0x2c319c61, L:/127.0.0.1:6565 - R:/127.0.0.1:40868] OUTBOUND SETTINGS: ack=true
00:10:26.144 DEBUG [-worker-ELG-3-3] &amp#27;[36mg.n.s.i.g.n.NettyClientHandler&amp#27;[0;39m : [id: 0xf6261f35, L:/127.0.0.1:40868 - R:localhost/127.0.0.1:6565] INBOUND WINDOW_UPDATE: streamId=0 windowSizeIncrement=983041
00:10:26.144 DEBUG [-worker-ELG-3-5] &amp#27;[36mg.n.s.i.g.n.NettyServerHandler&amp#27;[0;39m : [id: 0x2c319c61, L:/127.0.0.1:6565 - R:/127.0.0.1:40868] INBOUND WINDOW_UPDATE: streamId=0 windowSizeIncrement=983041
00:10:26.146 DEBUG [-worker-ELG-3-3] &amp#27;[36mg.n.s.i.g.n.NettyClientHandler&amp#27;[0;39m : [id: 0xf6261f35, L:/127.0.0.1:40868 - R:localhost/127.0.0.1:6565] INBOUND SETTINGS: ack=true
00:10:26.146 DEBUG [-worker-ELG-3-5] &amp#27;[36mg.n.s.i.g.n.NettyServerHandler&amp#27;[0;39m : [id: 0x2c319c61, L:/127.0.0.1:6565 - R:/127.0.0.1:40868] INBOUND SETTINGS: ack=true
00:10:26.151 DEBUG [-worker-ELG-3-3] &amp#27;[36mg.n.s.i.g.n.NettyClientHandler&amp#27;[0;39m : [id: 0xf6261f35, L:/127.0.0.1:40868 - R:localhost/127.0.0.1:6565] OUTBOUND HEADERS: streamId=3 headers=GrpcHttp2OutboundHeaders[:authority: localhost:6565, :path: /sec11.BankService/WithDraw, :method: POST, :scheme: http, content-type: application/grpc, te: trailers, user-agent: grpc-java-netty/1.65.0, grpc-accept-encoding: gzip, grpc-timeout: 119977m] streamDependency=0 weight=16 exclusive=false padding=0 endStream=false
00:10:26.153 DEBUG [-worker-ELG-3-3] &amp#27;[36mg.n.s.i.g.n.NettyClientHandler&amp#27;[0;39m : [id: 0xf6261f35, L:/127.0.0.1:40868 - R:localhost/127.0.0.1:6565] OUTBOUND DATA: streamId=3 padding=0 endStream=true length=9 bytes=000000000408011032
00:10:26.156 DEBUG [-worker-ELG-3-5] &amp#27;[36mg.n.s.i.g.n.NettyServerHandler&amp#27;[0;39m : [id: 0x2c319c61, L:/127.0.0.1:6565 - R:/127.0.0.1:40868] INBOUND HEADERS: streamId=3 headers=GrpcHttp2RequestHeaders[:path: /sec11.BankService/WithDraw, :authority: localhost:6565, :method: POST, :scheme: http, te: trailers, content-type: application/grpc, user-agent: grpc-java-netty/1.65.0, grpc-accept-encoding: gzip, grpc-timeout: 119977m] streamDependency=0 weight=16 exclusive=false padding=0 endStream=false
00:10:26.158 DEBUG [-worker-ELG-3-5] &amp#27;[36mg.n.s.i.g.n.NettyServerHandler&amp#27;[0;39m : [id: 0x2c319c61, L:/127.0.0.1:6565 - R:/127.0.0.1:40868] INBOUND DATA: streamId=3 padding=0 endStream=true length=9 bytes=000000000408011032
00:10:26.158 DEBUG [-worker-ELG-3-5] &amp#27;[36mg.n.s.i.g.n.NettyServerHandler&amp#27;[0;39m : [id: 0x2c319c61, L:/127.0.0.1:6565 - R:/127.0.0.1:40868] OUTBOUND PING: ack=false bytes=1234
00:10:26.160 DEBUG [-worker-ELG-3-3] &amp#27;[36mg.n.s.i.g.n.NettyClientHandler&amp#27;[0;39m : [id: 0xf6261f35, L:/127.0.0.1:40868 - R:localhost/127.0.0.1:6565] INBOUND PING: ack=false bytes=1234
00:10:26.160 DEBUG [-worker-ELG-3-3] &amp#27;[36mg.n.s.i.g.n.NettyClientHandler&amp#27;[0;39m : [id: 0xf6261f35, L:/127.0.0.1:40868 - R:localhost/127.0.0.1:6565] OUTBOUND PING: ack=true bytes=1234
00:10:26.161 DEBUG [-worker-ELG-3-5] &amp#27;[36mg.n.s.i.g.n.NettyServerHandler&amp#27;[0;39m : [id: 0x2c319c61, L:/127.0.0.1:6565 - R:/127.0.0.1:40868] INBOUND PING: ack=true bytes=1234
00:10:26.163 DEBUG [-worker-ELG-3-5] &amp#27;[36mg.n.s.i.g.n.NettyServerHandler&amp#27;[0;39m : [id: 0x2c319c61, L:/127.0.0.1:6565 - R:/127.0.0.1:40868] OUTBOUND HEADERS: streamId=3 headers=GrpcHttp2OutboundHeaders[:status: 200, content-type: application/grpc, grpc-encoding: identity, grpc-accept-encoding: gzip] padding=0 endStream=false
00:10:26.165 DEBUG [-worker-ELG-3-5] &amp#27;[36mg.n.s.i.g.n.NettyServerHandler&amp#27;[0;39m : [id: 0x2c319c61, L:/127.0.0.1:6565 - R:/127.0.0.1:40868] OUTBOUND DATA: streamId=3 padding=0 endStream=false length=7 bytes=0000000002080a
00:10:26.167 DEBUG [-worker-ELG-3-3] &amp#27;[36mg.n.s.i.g.n.NettyClientHandler&amp#27;[0;39m : [id: 0xf6261f35, L:/127.0.0.1:40868 - R:localhost/127.0.0.1:6565] INBOUND HEADERS: streamId=3 headers=GrpcHttp2ResponseHeaders[:status: 200, content-type: application/grpc, grpc-encoding: identity, grpc-accept-encoding: gzip] padding=0 endStream=false
00:10:26.169 DEBUG [-worker-ELG-3-3] &amp#27;[36mg.n.s.i.g.n.NettyClientHandler&amp#27;[0;39m : [id: 0xf6261f35, L:/127.0.0.1:40868 - R:localhost/127.0.0.1:6565] INBOUND DATA: streamId=3 padding=0 endStream=false length=7 bytes=0000000002080a
00:10:26.169 DEBUG [-worker-ELG-3-3] &amp#27;[36mg.n.s.i.g.n.NettyClientHandler&amp#27;[0;39m : [id: 0xf6261f35, L:/127.0.0.1:40868 - R:localhost/127.0.0.1:6565] OUTBOUND PING: ack=false bytes=1234
00:10:26.171 DEBUG [-worker-ELG-3-5] &amp#27;[36mg.n.s.i.g.n.NettyServerHandler&amp#27;[0;39m : [id: 0x2c319c61, L:/127.0.0.1:6565 - R:/127.0.0.1:40868] INBOUND PING: ack=false bytes=1234
00:10:26.171 DEBUG [-worker-ELG-3-5] &amp#27;[36mg.n.s.i.g.n.NettyServerHandler&amp#27;[0;39m : [id: 0x2c319c61, L:/127.0.0.1:6565 - R:/127.0.0.1:40868] OUTBOUND PING: ack=true bytes=1234
00:10:26.172 DEBUG [-worker-ELG-3-3] &amp#27;[36mg.n.s.i.g.n.NettyClientHandler&amp#27;[0;39m : [id: 0xf6261f35, L:/127.0.0.1:40868 - R:localhost/127.0.0.1:6565] INBOUND PING: ack=true bytes=1234
00:10:26.171 INFO  [           main] &amp#27;[36msec11.Lec02UnaryDeadLineTest  &amp#27;[0;39m : amount: 10

00:10:36.097 DEBUG [-worker-ELG-3-7] &amp#27;[36mg.n.s.i.g.n.NettyServerHandler&amp#27;[0;39m : [id: 0x0b3aaf23, L:/127.0.0.1:6565 ! R:/127.0.0.1:39328] OUTBOUND GO_AWAY: lastStreamId=3 errorCode=0 length=13 bytes=6170705f726571756573746564
00:10:36.098 DEBUG [-worker-ELG-3-7] &amp#27;[36mn.h.c.h.Http2ConnectionHandler&amp#27;[0;39m : [id: 0x0b3aaf23, L:/127.0.0.1:6565 ! R:/127.0.0.1:39328] Sending GOAWAY failed: lastStreamId '3', errorCode '0', debugData 'app_requested'. Forcing shutdown of the connection.
io.grpc.netty.shaded.io.netty.channel.StacklessClosedChannelException: null
	at io.grpc.netty.shaded.io.netty.channel.AbstractChannel$AbstractUnsafe.write(Object, ChannelPromise)(Unknown Source)
00:10:46.172 DEBUG [-worker-ELG-3-5] &amp#27;[36mg.n.s.i.g.n.NettyServerHandler&amp#27;[0;39m : [id: 0x2c319c61, L:/127.0.0.1:6565 - R:/127.0.0.1:40868] OUTBOUND PING: ack=false bytes=57005
00:10:46.174 DEBUG [-worker-ELG-3-3] &amp#27;[36mg.n.s.i.g.n.NettyClientHandler&amp#27;[0;39m : [id: 0xf6261f35, L:/127.0.0.1:40868 - R:localhost/127.0.0.1:6565] INBOUND PING: ack=false bytes=57005
00:10:46.174 DEBUG [-worker-ELG-3-3] &amp#27;[36mg.n.s.i.g.n.NettyClientHandler&amp#27;[0;39m : [id: 0xf6261f35, L:/127.0.0.1:40868 - R:localhost/127.0.0.1:6565] OUTBOUND PING: ack=true bytes=57005
00:10:46.175 DEBUG [-worker-ELG-3-5] &amp#27;[36mg.n.s.i.g.n.NettyServerHandler&amp#27;[0;39m : [id: 0x2c319c61, L:/127.0.0.1:6565 - R:/127.0.0.1:40868] INBOUND PING: ack=true bytes=57005
00:11:06.196 DEBUG [-worker-ELG-3-5] &amp#27;[36mg.n.s.i.g.n.NettyServerHandler&amp#27;[0;39m : [id: 0x2c319c61, L:/127.0.0.1:6565 - R:/127.0.0.1:40868] OUTBOUND PING: ack=false bytes=57005
00:11:06.198 DEBUG [-worker-ELG-3-3] &amp#27;[36mg.n.s.i.g.n.NettyClientHandler&amp#27;[0;39m : [id: 0xf6261f35, L:/127.0.0.1:40868 - R:localhost/127.0.0.1:6565] INBOUND PING: ack=false bytes=57005
00:11:06.198 DEBUG [-worker-ELG-3-3] &amp#27;[36mg.n.s.i.g.n.NettyClientHandler&amp#27;[0;39m : [id: 0xf6261f35, L:/127.0.0.1:40868 - R:localhost/127.0.0.1:6565] OUTBOUND PING: ack=true bytes=57005
00:11:06.199 DEBUG [-worker-ELG-3-5] &amp#27;[36mg.n.s.i.g.n.NettyServerHandler&amp#27;[0;39m : [id: 0x2c319c61, L:/127.0.0.1:6565 - R:/127.0.0.1:40868] INBOUND PING: ack=true bytes=57005
00:11:26.221 DEBUG [-worker-ELG-3-5] &amp#27;[36mg.n.s.i.g.n.NettyServerHandler&amp#27;[0;39m : [id: 0x2c319c61, L:/127.0.0.1:6565 - R:/127.0.0.1:40868] OUTBOUND PING: ack=false bytes=57005
00:11:26.222 DEBUG [-worker-ELG-3-3] &amp#27;[36mg.n.s.i.g.n.NettyClientHandler&amp#27;[0;39m : [id: 0xf6261f35, L:/127.0.0.1:40868 - R:localhost/127.0.0.1:6565] INBOUND PING: ack=false bytes=57005
00:11:26.222 DEBUG [-worker-ELG-3-3] &amp#27;[36mg.n.s.i.g.n.NettyClientHandler&amp#27;[0;39m : [id: 0xf6261f35, L:/127.0.0.1:40868 - R:localhost/127.0.0.1:6565] OUTBOUND PING: ack=true bytes=57005
00:11:26.223 DEBUG [-worker-ELG-3-5] &amp#27;[36mg.n.s.i.g.n.NettyServerHandler&amp#27;[0;39m : [id: 0x2c319c61, L:/127.0.0.1:6565 - R:/127.0.0.1:40868] INBOUND PING: ack=true bytes=57005
00:11:46.243 DEBUG [-worker-ELG-3-5] &amp#27;[36mg.n.s.i.g.n.NettyServerHandler&amp#27;[0;39m : [id: 0x2c319c61, L:/127.0.0.1:6565 - R:/127.0.0.1:40868] OUTBOUND PING: ack=false bytes=57005
00:11:46.245 DEBUG [-worker-ELG-3-3] &amp#27;[36mg.n.s.i.g.n.NettyClientHandler&amp#27;[0;39m : [id: 0xf6261f35, L:/127.0.0.1:40868 - R:localhost/127.0.0.1:6565] INBOUND PING: ack=false bytes=57005
00:11:46.246 DEBUG [-worker-ELG-3-3] &amp#27;[36mg.n.s.i.g.n.NettyClientHandler&amp#27;[0;39m : [id: 0xf6261f35, L:/127.0.0.1:40868 - R:localhost/127.0.0.1:6565] OUTBOUND PING: ack=true bytes=57005
00:11:46.247 DEBUG [-worker-ELG-3-5] &amp#27;[36mg.n.s.i.g.n.NettyServerHandler&amp#27;[0;39m : [id: 0x2c319c61, L:/127.0.0.1:6565 - R:/127.0.0.1:40868] INBOUND PING: ack=true bytes=57005
00:12:06.268 DEBUG [-worker-ELG-3-5] &amp#27;[36mg.n.s.i.g.n.NettyServerHandler&amp#27;[0;39m : [id: 0x2c319c61, L:/127.0.0.1:6565 - R:/127.0.0.1:40868] OUTBOUND PING: ack=false bytes=57005
00:12:06.270 DEBUG [-worker-ELG-3-3] &amp#27;[36mg.n.s.i.g.n.NettyClientHandler&amp#27;[0;39m : [id: 0xf6261f35, L:/127.0.0.1:40868 - R:localhost/127.0.0.1:6565] INBOUND PING: ack=false bytes=57005
00:12:06.270 DEBUG [-worker-ELG-3-3] &amp#27;[36mg.n.s.i.g.n.NettyClientHandler&amp#27;[0;39m : [id: 0xf6261f35, L:/127.0.0.1:40868 - R:localhost/127.0.0.1:6565] OUTBOUND PING: ack=true bytes=57005
00:12:06.271 DEBUG [-worker-ELG-3-5] &amp#27;[36mg.n.s.i.g.n.NettyServerHandler&amp#27;[0;39m : [id: 0x2c319c61, L:/127.0.0.1:6565 - R:/127.0.0.1:40868] INBOUND PING: ack=true bytes=57005
00:12:26.155 DEBUG [-worker-ELG-3-5] &amp#27;[36mg.n.s.i.g.n.NettyServerHandler&amp#27;[0;39m : [id: 0x2c319c61, L:/127.0.0.1:6565 - R:/127.0.0.1:40868] OUTBOUND RST_STREAM: streamId=3 errorCode=8
00:12:26.155 DEBUG [-worker-ELG-3-3] &amp#27;[36mg.n.s.i.g.n.NettyClientHandler&amp#27;[0;39m : [id: 0xf6261f35, L:/127.0.0.1:40868 - R:localhost/127.0.0.1:6565] INBOUND RST_STREAM: streamId=3 errorCode=8
00:12:26.157 INFO  [           main] &amp#27;[36msec11.Lec02UnaryDeadLineTest  &amp#27;[0;39m : error
00:12:26.272 DEBUG [-worker-ELG-3-5] &amp#27;[36mg.n.s.i.g.n.NettyServerHandler&amp#27;[0;39m : [id: 0x2c319c61, L:/127.0.0.1:6565 - R:/127.0.0.1:40868] OUTBOUND PING: ack=false bytes=57005
00:12:26.273 DEBUG [-worker-ELG-3-3] &amp#27;[36mg.n.s.i.g.n.NettyClientHandler&amp#27;[0;39m : [id: 0xf6261f35, L:/127.0.0.1:40868 - R:localhost/127.0.0.1:6565] INBOUND PING: ack=false bytes=57005
00:12:26.273 DEBUG [-worker-ELG-3-3] &amp#27;[36mg.n.s.i.g.n.NettyClientHandler&amp#27;[0;39m : [id: 0xf6261f35, L:/127.0.0.1:40868 - R:localhost/127.0.0.1:6565] OUTBOUND PING: ack=true bytes=57005
00:12:26.273 DEBUG [-worker-ELG-3-5] &amp#27;[36mg.n.s.i.g.n.NettyServerHandler&amp#27;[0;39m : [id: 0x2c319c61, L:/127.0.0.1:6565 - R:/127.0.0.1:40868] INBOUND PING: ack=true bytes=57005
00:12:27.156 DEBUG [-worker-ELG-3-5] &amp#27;[36mg.n.s.i.g.n.NettyServerHandler&amp#27;[0;39m : [id: 0x2c319c61, L:/127.0.0.1:6565 - R:/127.0.0.1:40868] OUTBOUND GO_AWAY: lastStreamId=2147483647 errorCode=0 length=8 bytes=6d61785f69646c65
00:12:27.157 DEBUG [-worker-ELG-3-5] &amp#27;[36mg.n.s.i.g.n.NettyServerHandler&amp#27;[0;39m : [id: 0x2c319c61, L:/127.0.0.1:6565 - R:/127.0.0.1:40868] OUTBOUND PING: ack=false bytes=40715087873
00:12:27.158 DEBUG [-worker-ELG-3-3] &amp#27;[36mg.n.s.i.g.n.NettyClientHandler&amp#27;[0;39m : [id: 0xf6261f35, L:/127.0.0.1:40868 - R:localhost/127.0.0.1:6565] INBOUND GO_AWAY: lastStreamId=2147483647 errorCode=0 length=8 bytes=6d61785f69646c65
00:12:27.160 DEBUG [-worker-ELG-3-3] &amp#27;[36mg.n.s.i.g.n.NettyClientHandler&amp#27;[0;39m : [id: 0xf6261f35, L:/127.0.0.1:40868 - R:localhost/127.0.0.1:6565] INBOUND PING: ack=false bytes=40715087873
00:12:27.160 DEBUG [-worker-ELG-3-3] &amp#27;[36mg.n.s.i.g.n.NettyClientHandler&amp#27;[0;39m : [id: 0xf6261f35, L:/127.0.0.1:40868 - R:localhost/127.0.0.1:6565] OUTBOUND PING: ack=true bytes=40715087873
00:12:27.161 DEBUG [-worker-ELG-3-5] &amp#27;[36mg.n.s.i.g.n.NettyServerHandler&amp#27;[0;39m : [id: 0x2c319c61, L:/127.0.0.1:6565 - R:/127.0.0.1:40868] INBOUND PING: ack=true bytes=40715087873
00:12:27.161 DEBUG [-worker-ELG-3-5] &amp#27;[36mg.n.s.i.g.n.NettyServerHandler&amp#27;[0;39m : [id: 0x2c319c61, L:/127.0.0.1:6565 - R:/127.0.0.1:40868] OUTBOUND GO_AWAY: lastStreamId=3 errorCode=0 length=8 bytes=6d61785f69646c65
00:12:27.164 DEBUG [-worker-ELG-3-3] &amp#27;[36mg.n.s.i.g.n.NettyClientHandler&amp#27;[0;39m : [id: 0xf6261f35, L:/127.0.0.1:40868 - R:localhost/127.0.0.1:6565] INBOUND GO_AWAY: lastStreamId=3 errorCode=0 length=8 bytes=6d61785f69646c65
]]></system-out>
  </testcase>
</testsuite>